# JRE version: Java(TM) SE Runtime Environment (7.0_45-b18) (build 1.7.0_45-b18)
# Java VM: Java HotSpot(TM) 64-Bit Server VM (24.45-b08 mixed mode windows-amd64 compressed oops)
Heap
 PSYoungGen      total 18944K, used 13550K [0x00000000eb600000, 0x00000000ecb00000, 0x0000000100000000)
  eden space 16384K, 68% used [0x00000000eb600000,0x00000000ec0ffa68,0x00000000ec600000)
  from space 2560K, 89% used [0x00000000ec880000,0x00000000ecabc010,0x00000000ecb00000)
  to   space 2560K, 0% used [0x00000000ec600000,0x00000000ec600000,0x00000000ec880000)
 ParOldGen       total 41984K, used 381K [0x00000000c2200000, 0x00000000c4b00000, 0x00000000eb600000)
  object space 41984K, 0% used [0x00000000c2200000,0x00000000c225f420,0x00000000c4b00000)
 PSPermGen       total 21504K, used 17393K [0x00000000bd000000, 0x00000000be500000, 0x00000000c2200000)
  object space 21504K, 80% used [0x00000000bd000000,0x00000000be0fc5e8,0x00000000be500000)
GC Heap History (4 events):
Event: 10.764 GC heap before
{Heap before GC invocations=1 (full 0):
 PSYoungGen      total 18944K, used 16384K [0x00000000eb600000, 0x00000000ecb00000, 0x0000000100000000)
  eden space 16384K, 100% used [0x00000000eb600000,0x00000000ec600000,0x00000000ec600000)
  from space 2560K, 0% used [0x00000000ec880000,0x00000000ec880000,0x00000000ecb00000)
  to   space 2560K, 0% used [0x00000000ec600000,0x00000000ec600000,0x00000000ec880000)
 ParOldGen       total 41984K, used 0K [0x00000000c2200000, 0x00000000c4b00000, 0x00000000eb600000)
  object space 41984K, 0% used [0x00000000c2200000,0x00000000c2200000,0x00000000c4b00000)
 PSPermGen       total 21504K, used 13718K [0x00000000bd000000, 0x00000000be500000, 0x00000000c2200000)
  object space 21504K, 63% used [0x00000000bd000000,0x00000000bdd65808,0x00000000be500000)
Event: 10.776 GC heap after
Heap after GC invocations=1 (full 0):
 PSYoungGen      total 18944K, used 2538K [0x00000000eb600000, 0x00000000ecb00000, 0x0000000100000000)
  eden space 16384K, 0% used [0x00000000eb600000,0x00000000eb600000,0x00000000ec600000)
  from space 2560K, 99% used [0x00000000ec600000,0x00000000ec87a818,0x00000000ec880000)
  to   space 2560K, 0% used [0x00000000ec880000,0x00000000ec880000,0x00000000ecb00000)
 ParOldGen       total 41984K, used 373K [0x00000000c2200000, 0x00000000c4b00000, 0x00000000eb600000)
  object space 41984K, 0% used [0x00000000c2200000,0x00000000c225d420,0x00000000c4b00000)
 PSPermGen       total 21504K, used 13718K [0x00000000bd000000, 0x00000000be500000, 0x00000000c2200000)
  object space 21504K, 63% used [0x00000000bd000000,0x00000000bdd65808,0x00000000be500000)
}
Event: 22.606 GC heap before
{Heap before GC invocations=2 (full 0):
 PSYoungGen      total 18944K, used 18922K [0x00000000eb600000, 0x00000000ecb00000, 0x0000000100000000)
  eden space 16384K, 100% used [0x00000000eb600000,0x00000000ec600000,0x00000000ec600000)
  from space 2560K, 99% used [0x00000000ec600000,0x00000000ec87a818,0x00000000ec880000)
  to   space 2560K, 0% used [0x00000000ec880000,0x00000000ec880000,0x00000000ecb00000)
 ParOldGen       total 41984K, used 373K [0x00000000c2200000, 0x00000000c4b00000, 0x00000000eb600000)
  object space 41984K, 0% used [0x00000000c2200000,0x00000000c225d420,0x00000000c4b00000)
 PSPermGen       total 21504K, used 14620K [0x00000000bd000000, 0x00000000be500000, 0x00000000c2200000)
  object space 21504K, 67% used [0x00000000bd000000,0x00000000bde47280,0x00000000be500000)
Event: 22.617 GC heap after
Heap after GC invocations=2 (full 0):
 PSYoungGen      total 18944K, used 2288K [0x00000000eb600000, 0x00000000ecb00000, 0x0000000100000000)
  eden space 16384K, 0% used [0x00000000eb600000,0x00000000eb600000,0x00000000ec600000)
  from space 2560K, 89% used [0x00000000ec880000,0x00000000ecabc010,0x00000000ecb00000)
  to   space 2560K, 0% used [0x00000000ec600000,0x00000000ec600000,0x00000000ec880000)
 ParOldGen       total 41984K, used 381K [0x00000000c2200000, 0x00000000c4b00000, 0x00000000eb600000)
  object space 41984K, 0% used [0x00000000c2200000,0x00000000c225f420,0x00000000c4b00000)
 PSPermGen       total 21504K, used 14620K [0x00000000bd000000, 0x00000000be500000, 0x00000000c2200000)
  object space 21504K, 67% used [0x00000000bd000000,0x00000000bde47280,0x00000000be500000)
}

